{"level":"error","message":"Error in recipe controller: Cannot populate path `comments` because it is not in your schema. Set the `strictPopulate` option to false to override.","timestamp":"2024-07-12T08:39:30.939Z"}
{"level":"error","message":"Error in recipe controller: Cannot populate path `comments` because it is not in your schema. Set the `strictPopulate` option to false to override.","timestamp":"2024-07-12T09:16:41.824Z"}
{"level":"error","message":"Error in recipe controller: Cannot populate path `comments` because it is not in your schema. Set the `strictPopulate` option to false to override.","timestamp":"2024-07-12T09:18:05.017Z"}
{"level":"error","message":"Token verification failed: jwt expired","timestamp":"2024-07-13T19:15:05.139Z"}
{"level":"error","message":"Token verification failed: jwt expired","timestamp":"2024-07-13T19:15:05.148Z"}
{"level":"error","message":"Token verification failed: jwt expired","timestamp":"2024-07-15T16:50:55.992Z"}
{"level":"error","message":"Token verification failed: jwt expired","timestamp":"2024-07-15T16:50:56.002Z"}
{"level":"error","message":"Error in recipe controller: Cast to ObjectId failed for value \"aafa0308-2ac8-4520-94ad-bcb97a361f8b\" (type string) at path \"_id\" for model \"Recipe\"","timestamp":"2024-07-15T21:01:33.270Z"}
{"level":"error","message":"Error in recipe controller: Cast to ObjectId failed for value \"aafa0308-2ac8-4520-94ad-bcb97a361f8b\" (type string) at path \"_id\" for model \"Recipe\"","timestamp":"2024-07-15T21:01:34.438Z"}
{"level":"error","message":"Error in recipe controller: Cast to ObjectId failed for value \"aafa0308-2ac8-4520-94ad-bcb97a361f8b\" (type string) at path \"_id\" for model \"Recipe\"","timestamp":"2024-07-15T21:01:36.576Z"}
{"level":"error","message":"Error in recipe controller: Cast to ObjectId failed for value \"aafa0308-2ac8-4520-94ad-bcb97a361f8b\" (type string) at path \"_id\" for model \"Recipe\"","timestamp":"2024-07-15T21:01:40.777Z"}
{"level":"error","message":"Error in recipe controller: Cast to ObjectId failed for value \"aafa0308-2ac8-4520-94ad-bcb97a361f8b\" (type string) at path \"_id\" for model \"Recipe\"","timestamp":"2024-07-15T21:01:48.087Z"}
{"level":"error","message":"Error in recipe controller: Cast to ObjectId failed for value \"dac21a9d-d8d1-4e70-ad99-aacbc25d7ed2\" (type string) at path \"_id\" for model \"Recipe\"","timestamp":"2024-07-15T21:01:57.464Z"}
{"level":"error","message":"Error in recipe controller: Cast to ObjectId failed for value \"dac21a9d-d8d1-4e70-ad99-aacbc25d7ed2\" (type string) at path \"_id\" for model \"Recipe\"","timestamp":"2024-07-15T21:01:58.601Z"}
{"level":"error","message":"Error in recipe controller: Cast to ObjectId failed for value \"dac21a9d-d8d1-4e70-ad99-aacbc25d7ed2\" (type string) at path \"_id\" for model \"Recipe\"","timestamp":"2024-07-15T21:02:00.743Z"}
{"level":"error","message":"Error in recipe controller: Cast to ObjectId failed for value \"dac21a9d-d8d1-4e70-ad99-aacbc25d7ed2\" (type string) at path \"_id\" for model \"Recipe\"","timestamp":"2024-07-15T21:02:04.817Z"}
{"level":"error","message":"Error in recipe controller: Cast to ObjectId failed for value \"dac21a9d-d8d1-4e70-ad99-aacbc25d7ed2\" (type string) at path \"_id\" for model \"Recipe\"","timestamp":"2024-07-15T21:02:05.964Z"}
{"level":"error","message":"Error in recipe controller: Cast to ObjectId failed for value \"dac21a9d-d8d1-4e70-ad99-aacbc25d7ed2\" (type string) at path \"_id\" for model \"Recipe\"","timestamp":"2024-07-15T21:02:08.112Z"}
{"level":"error","message":"Error in recipe controller: Cast to ObjectId failed for value \"dac21a9d-d8d1-4e70-ad99-aacbc25d7ed2\" (type string) at path \"_id\" for model \"Recipe\"","timestamp":"2024-07-15T21:02:12.305Z"}
{"level":"error","message":"Error in recipe controller: Cast to ObjectId failed for value \"dac21a9d-d8d1-4e70-ad99-aacbc25d7ed2\" (type string) at path \"_id\" for model \"Recipe\"","timestamp":"2024-07-15T21:02:21.165Z"}
{"level":"error","message":"Error in recipe controller: Recipe validation failed: difficulty: `בינוני` is not a valid enum value for path `difficulty`., category: `קינוחים` is not a valid enum value for path `category`.","timestamp":"2024-07-16T07:34:07.916Z"}
{"level":"error","message":"500 - ENOENT: no such file or directory, open 'C:\\Users\\bensh\\OneDrive\\שולחן העבודה\\AllForYou\\server\\uploads\\1721374360323.png' - /api/recipes - POST - ::1","timestamp":"2024-07-19T07:32:40.328Z"}
{"level":"error","message":"Token verification failed: jwt expired","timestamp":"2024-07-20T19:42:26.619Z"}
{"level":"error","message":"Token verification failed: jwt expired","timestamp":"2024-07-20T19:42:27.661Z"}
{"level":"error","message":"Token verification failed: jwt expired","timestamp":"2024-07-20T19:42:30.968Z"}
{"level":"error","message":"Token verification failed: jwt expired","timestamp":"2024-07-20T19:42:30.978Z"}
{"level":"error","message":"Error in recipe controller: Cast to ObjectId failed for value \"popular\" (type string) at path \"_id\" for model \"Recipe\"","timestamp":"2024-07-23T10:51:36.061Z"}
{"level":"error","message":"Error in recipe controller: Cast to ObjectId failed for value \"popular\" (type string) at path \"_id\" for model \"Recipe\"","timestamp":"2024-07-23T10:51:37.213Z"}
{"level":"error","message":"Error in recipe controller: Cast to ObjectId failed for value \"popular\" (type string) at path \"_id\" for model \"Recipe\"","timestamp":"2024-07-23T10:51:39.351Z"}
{"level":"error","message":"Error in recipe controller: Cast to ObjectId failed for value \"popular\" (type string) at path \"_id\" for model \"Recipe\"","timestamp":"2024-07-23T10:51:43.492Z"}
{"level":"error","message":"Error in recipe controller: Cast to ObjectId failed for value \"popular\" (type string) at path \"_id\" for model \"Recipe\"","timestamp":"2024-07-23T11:00:38.277Z"}
{"level":"error","message":"Error in recipe controller: Cast to ObjectId failed for value \"popular\" (type string) at path \"_id\" for model \"Recipe\"","timestamp":"2024-07-23T11:00:39.428Z"}
{"level":"error","message":"Error in recipe controller: Cast to ObjectId failed for value \"popular\" (type string) at path \"_id\" for model \"Recipe\"","timestamp":"2024-07-23T11:00:41.572Z"}
{"level":"error","message":"Error in recipe controller: Cast to ObjectId failed for value \"popular\" (type string) at path \"_id\" for model \"Recipe\"","timestamp":"2024-07-23T17:41:07.927Z"}
{"level":"error","message":"Error in recipe controller: Cast to ObjectId failed for value \"popular\" (type string) at path \"_id\" for model \"Recipe\"","timestamp":"2024-07-23T17:41:09.160Z"}
{"level":"error","message":"Error in recipe controller: Cast to ObjectId failed for value \"popular\" (type string) at path \"_id\" for model \"Recipe\"","timestamp":"2024-07-23T17:41:11.299Z"}
{"level":"error","message":"Error in recipe controller: Cast to ObjectId failed for value \"popular\" (type string) at path \"_id\" for model \"Recipe\"","timestamp":"2024-07-23T17:41:14.717Z"}
{"level":"error","message":"Error in recipe controller: Cast to ObjectId failed for value \"popular\" (type string) at path \"_id\" for model \"Recipe\"","timestamp":"2024-07-23T17:41:15.888Z"}
{"level":"error","message":"Error in recipe controller: Cast to ObjectId failed for value \"popular\" (type string) at path \"_id\" for model \"Recipe\"","timestamp":"2024-07-23T17:41:18.044Z"}
{"level":"error","message":"Error in recipe controller: Cast to ObjectId failed for value \"popular\" (type string) at path \"_id\" for model \"Recipe\"","timestamp":"2024-07-23T17:41:22.571Z"}
{"level":"error","message":"Error in recipe controller: Cast to ObjectId failed for value \"popular\" (type string) at path \"_id\" for model \"Recipe\"","timestamp":"2024-07-23T17:43:18.011Z"}
{"level":"error","message":"Error in recipe controller: Cast to ObjectId failed for value \"popular\" (type string) at path \"_id\" for model \"Recipe\"","timestamp":"2024-07-23T17:43:19.150Z"}
{"level":"error","message":"Error in recipe controller: Cast to ObjectId failed for value \"popular\" (type string) at path \"_id\" for model \"Recipe\"","timestamp":"2024-07-23T17:43:21.290Z"}
{"level":"error","message":"Error in recipe controller: Cast to ObjectId failed for value \"popular\" (type string) at path \"_id\" for model \"Recipe\"","timestamp":"2024-07-23T17:43:25.433Z"}
{"level":"error","message":"Error in recipe controller: Cast to ObjectId failed for value \"popular\" (type string) at path \"_id\" for model \"Recipe\"","timestamp":"2024-07-23T17:44:34.448Z"}
{"level":"error","message":"Error in recipe controller: Cast to ObjectId failed for value \"popular\" (type string) at path \"_id\" for model \"Recipe\"","timestamp":"2024-07-23T17:44:35.603Z"}
{"level":"error","message":"Error in recipe controller: Cast to ObjectId failed for value \"popular\" (type string) at path \"_id\" for model \"Recipe\"","timestamp":"2024-07-23T17:44:37.744Z"}
{"level":"error","message":"Error in recipe controller: Cast to ObjectId failed for value \"popular\" (type string) at path \"_id\" for model \"Recipe\"","timestamp":"2024-07-23T17:44:41.906Z"}
{"level":"error","message":"Error in recipe controller: Cast to ObjectId failed for value \"popular\" (type string) at path \"_id\" for model \"Recipe\"","timestamp":"2024-07-23T17:58:16.273Z"}
{"level":"error","message":"Error in recipe controller: Cast to ObjectId failed for value \"popular\" (type string) at path \"_id\" for model \"Recipe\"","timestamp":"2024-07-23T17:58:17.441Z"}
{"level":"error","message":"Error in recipe controller: Cast to ObjectId failed for value \"popular\" (type string) at path \"_id\" for model \"Recipe\"","timestamp":"2024-07-23T17:58:19.577Z"}
{"level":"error","message":"Error in recipe controller: Cast to ObjectId failed for value \"popular\" (type string) at path \"_id\" for model \"Recipe\"","timestamp":"2024-07-23T17:58:23.728Z"}
{"level":"error","message":"Error in recipe controller: Cast to ObjectId failed for value \"popular\" (type string) at path \"_id\" for model \"Recipe\"","timestamp":"2024-07-23T17:59:34.272Z"}
{"level":"error","message":"Error in recipe controller: Cast to ObjectId failed for value \"popular\" (type string) at path \"_id\" for model \"Recipe\"","timestamp":"2024-07-23T17:59:35.415Z"}
{"level":"error","message":"Error in recipe controller: Cast to ObjectId failed for value \"popular\" (type string) at path \"_id\" for model \"Recipe\"","timestamp":"2024-07-23T17:59:37.621Z"}
{"level":"error","message":"Error in recipe controller: Cast to ObjectId failed for value \"popular\" (type string) at path \"_id\" for model \"Recipe\"","timestamp":"2024-07-23T18:05:39.615Z"}
{"level":"error","message":"Error in recipe controller: Cast to ObjectId failed for value \"popular\" (type string) at path \"_id\" for model \"Recipe\"","timestamp":"2024-07-23T18:08:23.657Z"}
{"level":"error","message":"Error in recipe controller: Cast to ObjectId failed for value \"popular\" (type string) at path \"_id\" for model \"Recipe\"","timestamp":"2024-07-23T18:09:11.020Z"}
{"level":"error","message":"Error in recipe controller: Cast to ObjectId failed for value \"popular\" (type string) at path \"_id\" for model \"Recipe\"","timestamp":"2024-07-23T18:09:12.171Z"}
{"level":"error","message":"Error in recipe controller: Cast to ObjectId failed for value \"popular\" (type string) at path \"_id\" for model \"Recipe\"","timestamp":"2024-07-23T18:09:14.317Z"}
{"level":"error","message":"Error in recipe controller: Cast to ObjectId failed for value \"popular\" (type string) at path \"_id\" for model \"Recipe\"","timestamp":"2024-07-23T18:11:51.267Z"}
{"level":"error","message":"Error in recipe controller: Cast to ObjectId failed for value \"popular\" (type string) at path \"_id\" for model \"Recipe\"","timestamp":"2024-07-23T18:11:54.327Z"}
{"level":"error","message":"Error in recipe controller: Cast to ObjectId failed for value \"popular\" (type string) at path \"_id\" for model \"Recipe\"","timestamp":"2024-07-23T18:11:55.478Z"}
{"level":"error","message":"Error in recipe controller: Cast to ObjectId failed for value \"popular\" (type string) at path \"_id\" for model \"Recipe\"","timestamp":"2024-07-23T18:23:02.997Z"}
{"level":"error","message":"Error in recipe controller: Cast to ObjectId failed for value \"popular\" (type string) at path \"_id\" for model \"Recipe\"","timestamp":"2024-07-23T18:23:04.028Z"}
{"level":"error","message":"Error in recipe controller: Cast to ObjectId failed for value \"popular\" (type string) at path \"_id\" for model \"Recipe\"","timestamp":"2024-07-23T18:23:06.050Z"}
{"level":"error","message":"Error in recipe controller: Cast to ObjectId failed for value \"popular\" (type string) at path \"_id\" for model \"Recipe\"","timestamp":"2024-07-23T18:36:54.710Z"}
{"level":"error","message":"Error in recipe controller: Cast to ObjectId failed for value \"popular\" (type string) at path \"_id\" for model \"Recipe\"","timestamp":"2024-07-23T18:36:55.843Z"}
{"level":"error","message":"Error in recipe controller: Cast to ObjectId failed for value \"popular\" (type string) at path \"_id\" for model \"Recipe\"","timestamp":"2024-07-23T18:36:57.979Z"}
{"level":"error","message":"Error in recipe controller: Cast to ObjectId failed for value \"popular\" (type string) at path \"_id\" for model \"Recipe\"","timestamp":"2024-07-23T18:42:26.650Z"}
{"level":"error","message":"Error in recipe controller: Cast to ObjectId failed for value \"popular\" (type string) at path \"_id\" for model \"Recipe\"","timestamp":"2024-07-23T18:42:30.308Z"}
{"level":"error","message":"Error in recipe controller: Cast to ObjectId failed for value \"popular\" (type string) at path \"_id\" for model \"Recipe\"","timestamp":"2024-07-23T18:42:31.440Z"}
{"level":"error","message":"Error in recipe controller: Cast to ObjectId failed for value \"popular\" (type string) at path \"_id\" for model \"Recipe\"","timestamp":"2024-07-23T18:42:33.596Z"}
{"level":"error","message":"Error in recipe controller: Cast to ObjectId failed for value \"popular\" (type string) at path \"_id\" for model \"Recipe\"","timestamp":"2024-07-23T18:42:37.736Z"}
{"level":"error","message":"Error in recipe controller: Cast to ObjectId failed for value \"popular\" (type string) at path \"_id\" for model \"Recipe\"","timestamp":"2024-07-23T18:46:09.932Z"}
{"level":"error","message":"Error in recipe controller: Cast to ObjectId failed for value \"popular\" (type string) at path \"_id\" for model \"Recipe\"","timestamp":"2024-07-23T18:46:11.084Z"}
{"level":"error","message":"Error in recipe controller: Cast to ObjectId failed for value \"popular\" (type string) at path \"_id\" for model \"Recipe\"","timestamp":"2024-07-23T18:46:13.394Z"}
{"level":"error","message":"Error in recipe controller: Cast to ObjectId failed for value \"popular\" (type string) at path \"_id\" for model \"Recipe\"","timestamp":"2024-07-23T18:46:14.529Z"}
{"level":"error","message":"Error in recipe controller: Cast to ObjectId failed for value \"popular\" (type string) at path \"_id\" for model \"Recipe\"","timestamp":"2024-07-23T18:46:16.697Z"}
{"level":"error","message":"Error in recipe controller: Cast to ObjectId failed for value \"popular\" (type string) at path \"_id\" for model \"Recipe\"","timestamp":"2024-07-23T18:46:20.859Z"}
{"level":"error","message":"Error in recipe controller: Cast to ObjectId failed for value \"popular\" (type string) at path \"_id\" for model \"Recipe\"","timestamp":"2024-07-23T18:46:42.067Z"}
{"level":"error","message":"Error in recipe controller: Cast to ObjectId failed for value \"popular\" (type string) at path \"_id\" for model \"Recipe\"","timestamp":"2024-07-23T21:01:59.909Z"}
{"level":"error","message":"Error in recipe controller: Cast to ObjectId failed for value \"popular\" (type string) at path \"_id\" for model \"Recipe\"","timestamp":"2024-07-23T21:02:02.077Z"}
{"level":"error","message":"Error in recipe controller: Cast to ObjectId failed for value \"popular\" (type string) at path \"_id\" for model \"Recipe\"","timestamp":"2024-07-23T21:02:04.762Z"}
{"level":"error","message":"Error in recipe controller: Cast to ObjectId failed for value \"popular\" (type string) at path \"_id\" for model \"Recipe\"","timestamp":"2024-07-23T21:02:18.031Z"}
{"level":"error","message":"Error in recipe controller: Cast to ObjectId failed for value \"popular\" (type string) at path \"_id\" for model \"Recipe\"","timestamp":"2024-07-23T21:02:19.187Z"}
{"level":"error","message":"Error in recipe controller: Cast to ObjectId failed for value \"popular\" (type string) at path \"_id\" for model \"Recipe\"","timestamp":"2024-07-23T21:02:21.364Z"}
